# JRE version: OpenJDK Runtime Environment (11.0.10) (build 11.0.10+0-b96-7249189)
# Java VM: OpenJDK 64-Bit Server VM (11.0.10+0-b96-7249189, mixed mode, tiered, compressed oops, g1 gc, windows-amd64)
Heap:
 garbage-first heap   total 187392K, used 79452K [0x0000000080000000, 0x0000000100000000)
  region size 1024K, 9 young (9216K), 9 survivors (9216K)
 Metaspace       used 82683K, capacity 84981K, committed 85068K, reserved 1122304K
  class space    used 10721K, capacity 11541K, committed 11596K, reserved 1048576K
GC Heap History (20 events):
Event: 2.791 GC heap after
{Heap after GC invocations=5 (full 0):
 garbage-first heap   total 129024K, used 18323K [0x0000000080000000, 0x0000000100000000)
  region size 1024K, 3 young (3072K), 3 survivors (3072K)
 Metaspace       used 25909K, capacity 26485K, committed 26752K, reserved 1073152K
  class space    used 3387K, capacity 3599K, committed 3712K, reserved 1048576K
}
Event: 3.540 GC heap before
{Heap before GC invocations=5 (full 0):
 garbage-first heap   total 129024K, used 75667K [0x0000000080000000, 0x0000000100000000)
  region size 1024K, 60 young (61440K), 3 survivors (3072K)
 Metaspace       used 35031K, capacity 35830K, committed 35840K, reserved 1081344K
  class space    used 4543K, capacity 4864K, committed 4864K, reserved 1048576K
}
Event: 3.547 GC heap after
{Heap after GC invocations=6 (full 0):
 garbage-first heap   total 129024K, used 21725K [0x0000000080000000, 0x0000000100000000)
  region size 1024K, 6 young (6144K), 6 survivors (6144K)
 Metaspace       used 35031K, capacity 35830K, committed 35840K, reserved 1081344K
  class space    used 4543K, capacity 4864K, committed 4864K, reserved 1048576K
}
Event: 4.096 GC heap before
{Heap before GC invocations=7 (full 0):
 garbage-first heap   total 129024K, used 84189K [0x0000000080000000, 0x0000000100000000)
  region size 1024K, 65 young (66560K), 6 survivors (6144K)
 Metaspace       used 39398K, capacity 40366K, committed 40524K, reserved 1085440K
  class space    used 5039K, capacity 5390K, committed 5452K, reserved 1048576K
}
Event: 4.104 GC heap after
{Heap after GC invocations=8 (full 0):
 garbage-first heap   total 129024K, used 26921K [0x0000000080000000, 0x0000000100000000)
  region size 1024K, 9 young (9216K), 9 survivors (9216K)
 Metaspace       used 39398K, capacity 40366K, committed 40524K, reserved 1085440K
  class space    used 5039K, capacity 5390K, committed 5452K, reserved 1048576K
}
Event: 4.682 GC heap before
{Heap before GC invocations=8 (full 0):
 garbage-first heap   total 129024K, used 87337K [0x0000000080000000, 0x0000000100000000)
  region size 1024K, 68 young (69632K), 9 survivors (9216K)
 Metaspace       used 44785K, capacity 45912K, committed 46156K, reserved 1089536K
  class space    used 5767K, capacity 6148K, committed 6220K, reserved 1048576K
}
Event: 4.692 GC heap after
{Heap after GC invocations=9 (full 0):
 garbage-first heap   total 155648K, used 28720K [0x0000000080000000, 0x0000000100000000)
  region size 1024K, 3 young (3072K), 3 survivors (3072K)
 Metaspace       used 44785K, capacity 45912K, committed 46156K, reserved 1089536K
  class space    used 5767K, capacity 6148K, committed 6220K, reserved 1048576K
}
Event: 5.720 GC heap before
{Heap before GC invocations=9 (full 0):
 garbage-first heap   total 155648K, used 105520K [0x0000000080000000, 0x0000000100000000)
  region size 1024K, 74 young (75776K), 3 survivors (3072K)
 Metaspace       used 49646K, capacity 50990K, committed 51148K, reserved 1093632K
  class space    used 6342K, capacity 6842K, committed 6860K, reserved 1048576K
}
Event: 5.725 GC heap after
{Heap after GC invocations=10 (full 0):
 garbage-first heap   total 155648K, used 41566K [0x0000000080000000, 0x0000000100000000)
  region size 1024K, 10 young (10240K), 10 survivors (10240K)
 Metaspace       used 49646K, capacity 50990K, committed 51148K, reserved 1093632K
  class space    used 6342K, capacity 6842K, committed 6860K, reserved 1048576K
}
Event: 6.571 GC heap before
{Heap before GC invocations=10 (full 0):
 garbage-first heap   total 155648K, used 96862K [0x0000000080000000, 0x0000000100000000)
  region size 1024K, 65 young (66560K), 10 survivors (10240K)
 Metaspace       used 58636K, capacity 60139K, committed 60236K, reserved 1101824K
  class space    used 7417K, capacity 7968K, committed 8012K, reserved 1048576K
}
Event: 6.585 GC heap after
{Heap after GC invocations=11 (full 0):
 garbage-first heap   total 155648K, used 44461K [0x0000000080000000, 0x0000000100000000)
  region size 1024K, 3 young (3072K), 3 survivors (3072K)
 Metaspace       used 58636K, capacity 60139K, committed 60236K, reserved 1101824K
  class space    used 7417K, capacity 7968K, committed 8012K, reserved 1048576K
}
Event: 7.281 GC heap before
{Heap before GC invocations=12 (full 0):
 garbage-first heap   total 155648K, used 108973K [0x0000000080000000, 0x0000000100000000)
  region size 1024K, 66 young (67584K), 3 survivors (3072K)
 Metaspace       used 64229K, capacity 65727K, committed 65868K, reserved 1105920K
  class space    used 8140K, capacity 8685K, committed 8780K, reserved 1048576K
}
Event: 7.288 GC heap after
{Heap after GC invocations=13 (full 0):
 garbage-first heap   total 155648K, used 49859K [0x0000000080000000, 0x0000000100000000)
  region size 1024K, 8 young (8192K), 8 survivors (8192K)
 Metaspace       used 64229K, capacity 65727K, committed 65868K, reserved 1105920K
  class space    used 8140K, capacity 8685K, committed 8780K, reserved 1048576K
}
Event: 7.967 GC heap before
{Heap before GC invocations=13 (full 0):
 garbage-first heap   total 155648K, used 113347K [0x0000000080000000, 0x0000000100000000)
  region size 1024K, 70 young (71680K), 8 survivors (8192K)
 Metaspace       used 70065K, capacity 71704K, committed 71884K, reserved 1112064K
  class space    used 9034K, capacity 9623K, committed 9676K, reserved 1048576K
}
Event: 7.976 GC heap after
{Heap after GC invocations=14 (full 0):
 garbage-first heap   total 155648K, used 54685K [0x0000000080000000, 0x0000000100000000)
  region size 1024K, 6 young (6144K), 6 survivors (6144K)
 Metaspace       used 70065K, capacity 71704K, committed 71884K, reserved 1112064K
  class space    used 9034K, capacity 9623K, committed 9676K, reserved 1048576K
}
Event: 8.772 GC heap before
{Heap before GC invocations=14 (full 0):
 garbage-first heap   total 155648K, used 116125K [0x0000000080000000, 0x0000000100000000)
  region size 1024K, 66 young (67584K), 6 survivors (6144K)
 Metaspace       used 76815K, capacity 78608K, committed 78796K, reserved 1118208K
  class space    used 9966K, capacity 10624K, committed 10700K, reserved 1048576K
}
Event: 8.779 GC heap after
{Heap after GC invocations=15 (full 0):
 garbage-first heap   total 155648K, used 57844K [0x0000000080000000, 0x0000000100000000)
  region size 1024K, 9 young (9216K), 9 survivors (9216K)
 Metaspace       used 76815K, capacity 78608K, committed 78796K, reserved 1118208K
  class space    used 9966K, capacity 10624K, committed 10700K, reserved 1048576K
}
Event: 9.434 GC heap before
{Heap before GC invocations=15 (full 0):
 garbage-first heap   total 155648K, used 118260K [0x0000000080000000, 0x0000000100000000)
  region size 1024K, 69 young (70656K), 9 survivors (9216K)
 Metaspace       used 81237K, capacity 83431K, committed 83532K, reserved 1122304K
  class space    used 10556K, capacity 11331K, committed 11340K, reserved 1048576K
}
Event: 9.447 GC heap after
{Heap after GC invocations=16 (full 0):
 garbage-first heap   total 155648K, used 63741K [0x0000000080000000, 0x0000000100000000)
  region size 1024K, 9 young (9216K), 9 survivors (9216K)
 Metaspace       used 81237K, capacity 83431K, committed 83532K, reserved 1122304K
  class space    used 10556K, capacity 11331K, committed 11340K, reserved 1048576K
}
Event: 10.008 GC heap before
{Heap before GC invocations=16 (full 0):
 garbage-first heap   total 155648K, used 123133K [0x0000000080000000, 0x0000000100000000)
  region size 1024K, 66 young (67584K), 9 survivors (9216K)
 Metaspace       used 82683K, capacity 84981K, committed 85068K, reserved 1122304K
  class space    used 10721K, capacity 11541K, committed 11596K, reserved 1048576K
}

